0 info it worked if it ends with ok
1 verbose cli [ '/usr/local/bin/node', '/usr/local/bin/npm', 'run', 'build' ]
2 info using npm@3.9.5
3 info using node@v6.2.2
4 verbose run-script [ 'prebuild', 'build', 'postbuild' ]
5 info lifecycle Nodejs_in_action@1.0.0~prebuild: Nodejs_in_action@1.0.0
6 silly lifecycle Nodejs_in_action@1.0.0~prebuild: no script for prebuild, continuing
7 info lifecycle Nodejs_in_action@1.0.0~build: Nodejs_in_action@1.0.0
8 verbose lifecycle Nodejs_in_action@1.0.0~build: unsafe-perm in lifecycle true
9 verbose lifecycle Nodejs_in_action@1.0.0~build: PATH: /usr/local/lib/node_modules/npm/bin/node-gyp-bin:/Users/yangjinbao/yang/Nodejs_in_action/node_modules/.bin:/usr/local/bin:/Users/yangjinbao/.rbenv/shims:/usr/local/bin:/usr/bin:/bin:/usr/sbin:/sbin:/usr/local/git/bin:/Users/yangjinbao/bin
10 verbose lifecycle Nodejs_in_action@1.0.0~build: CWD: /Users/yangjinbao/yang/Nodejs_in_action
11 silly lifecycle Nodejs_in_action@1.0.0~build: Args: [ '-c', 'node build.js' ]
12 silly lifecycle Nodejs_in_action@1.0.0~build: Returned: code: 1  signal: null
13 info lifecycle Nodejs_in_action@1.0.0~build: Failed to exec build script
14 verbose stack Error: Nodejs_in_action@1.0.0 build: `node build.js`
14 verbose stack Exit status 1
14 verbose stack     at EventEmitter.<anonymous> (/usr/local/lib/node_modules/npm/lib/utils/lifecycle.js:245:16)
14 verbose stack     at emitTwo (events.js:106:13)
14 verbose stack     at EventEmitter.emit (events.js:191:7)
14 verbose stack     at ChildProcess.<anonymous> (/usr/local/lib/node_modules/npm/lib/utils/spawn.js:24:14)
14 verbose stack     at emitTwo (events.js:106:13)
14 verbose stack     at ChildProcess.emit (events.js:191:7)
14 verbose stack     at maybeClose (internal/child_process.js:852:16)
14 verbose stack     at Process.ChildProcess._handle.onexit (internal/child_process.js:215:5)
15 verbose pkgid Nodejs_in_action@1.0.0
16 verbose cwd /Users/yangjinbao/yang/Nodejs_in_action
17 error Darwin 16.1.0
18 error argv "/usr/local/bin/node" "/usr/local/bin/npm" "run" "build"
19 error node v6.2.2
20 error npm  v3.9.5
21 error code ELIFECYCLE
22 error Nodejs_in_action@1.0.0 build: `node build.js`
22 error Exit status 1
23 error Failed at the Nodejs_in_action@1.0.0 build script 'node build.js'.
23 error Make sure you have the latest version of node.js and npm installed.
23 error If you do, this is most likely a problem with the Nodejs_in_action package,
23 error not with npm itself.
23 error Tell the author that this fails on your system:
23 error     node build.js
23 error You can get information on how to open an issue for this project with:
23 error     npm bugs Nodejs_in_action
23 error Or if that isn't available, you can get their info via:
23 error     npm owner ls Nodejs_in_action
23 error There is likely additional logging output above.
24 verbose exit [ 1, true ]
