Arguments: 
  /Users/young/.nvm/versions/node/v8.9.1/bin/node /Users/young/.nvm/versions/node/v8.9.1/bin/yarn add axios

PATH: 
  /Users/young/.nvm/versions/node/v8.9.1/bin:/Users/young/repos/flutter/bin:/Users/young/.yarn/bin:/Library/Frameworks/Python.framework/Versions/3.6/bin:/usr/local/bin:/usr/bin:/bin:/usr/sbin:/sbin:/usr/local/go/bin:/Users/young/repos/flutter/bin:/Users/young/.yarn/bin:/Library/Frameworks/Python.framework/Versions/3.6/bin

Yarn version: 
  1.7.0

Node version: 
  8.9.1

Platform: 
  darwin x64

Trace: 
  Error: ENOENT: no such file or directory, copyfile '/Users/young/Library/Caches/Yarn/v1/npm-ansi-styles-2.2.1-b432dd3358b634cf75e1e4664368240533c1ddbe/license' -> '/Users/young/Repos/Nodejs_in_action/node_modules/babel-code-frame/node_modules/ansi-styles/license'

npm manifest: 
  {
    "name": "Nodejs_in_action",
    "version": "1.0.0",
    "description": "A side project to learn node",
    "main": "index.js",
    "repository": {
      "url": "git@github.com:X9X/Nodejs_in_action.git",
      "type": "git"
    },
    "scripts": {
      "babel": "babel ./babel-test.js -d babeled",
      "dev": "webpack",
      "build": "node build.js"
    },
    "author": "yangjinbao89757@gmail.com",
    "license": "MIT",
    "dependencies": {
      "babel-polyfill": "^6.20.0",
      "express": "^4.14.0",
      "koa": "^1.2.4",
      "shelljs": "^0.7.4",
      "vue": "^2.1.8"
    },
    "devDependencies": {
      "axios": "^0.15.2",
      "babel-cli": "^6.18.0",
      "babel-core": "^6.18.2",
      "babel-loader": "^6.2.8",
      "babel-plugin-transform-es2015-function-name": "^6.9.0",
      "babel-preset-es2015": "^6.18.0",
      "babel-preset-latest": "^6.16.0",
      "chai": "^3.5.0",
      "eslint": "^4.19.1",
      "http-server": "^0.9.0",
      "mocha": "^3.2.0",
      "webpack": "^2.1.0-beta.27"
    }
  }

yarn manifest: 
  No manifest

Lockfile: 
  # THIS IS AN AUTOGENERATED FILE. DO NOT EDIT THIS FILE DIRECTLY.
  # yarn lockfile v1
  balanced-match@^0.4.1:
    version "0.4.2"
    resolved "https://registry.yarnpkg.com/balanced-match/-/balanced-match-0.4.2.tgz#cb3f3e3c732dc0f01ee70b403f302e61d7709838"
  
  brace-expansion@^1.0.0:
    version "1.1.6"
    resolved "https://registry.yarnpkg.com/brace-expansion/-/brace-expansion-1.1.6.tgz#7197d7eaa9b87e648390ea61fc66c84427420df9"
    dependencies:
      balanced-match "^0.4.1"
      concat-map "0.0.1"
  
  concat-map@0.0.1:
    version "0.0.1"
    resolved "https://registry.yarnpkg.com/concat-map/-/concat-map-0.0.1.tgz#d8a96bd77fd68df7793a73036a3ba0d5405d477b"
  
  fs.realpath@^1.0.0:
    version "1.0.0"
    resolved "https://registry.yarnpkg.com/fs.realpath/-/fs.realpath-1.0.0.tgz#1504ad2523158caa40db4a2787cb01411994ea4f"
  
  glob@^7.0.0:
    version "7.1.1"
    resolved "https://registry.yarnpkg.com/glob/-/glob-7.1.1.tgz#805211df04faaf1c63a3600306cdf5ade50b2ec8"
    dependencies:
      fs.realpath "^1.0.0"
      inflight "^1.0.4"
      inherits "2"
      minimatch "^3.0.2"
      once "^1.3.0"
      path-is-absolute "^1.0.0"
  
  inflight@^1.0.4:
    version "1.0.6"
    resolved "https://registry.yarnpkg.com/inflight/-/inflight-1.0.6.tgz#49bd6331d7d02d0c09bc910a1075ba8165b56df9"
    dependencies:
      once "^1.3.0"
      wrappy "1"
  
  inherits@2:
    version "2.0.3"
    resolved "https://registry.yarnpkg.com/inherits/-/inherits-2.0.3.tgz#633c2c83e3da42a502f52466022480f4208261de"
  
  interpret@^1.0.0:
    version "1.0.1"
    resolved "https://registry.yarnpkg.com/interpret/-/interpret-1.0.1.tgz#d579fb7f693b858004947af39fa0db49f795602c"
  
  minimatch@^3.0.2:
    version "3.0.3"
    resolved "https://registry.yarnpkg.com/minimatch/-/minimatch-3.0.3.tgz#2a4e4090b96b2db06a9d7df01055a62a77c9b774"
    dependencies:
      brace-expansion "^1.0.0"
  
  once@^1.3.0:
    version "1.4.0"
    resolved "https://registry.yarnpkg.com/once/-/once-1.4.0.tgz#583b1aa775961d4b113ac17d9c50baef9dd76bd1"
    dependencies:
      wrappy "1"
  
  path-is-absolute@^1.0.0:
    version "1.0.1"
    resolved "https://registry.yarnpkg.com/path-is-absolute/-/path-is-absolute-1.0.1.tgz#174b9268735534ffbc7ace6bf53a5a9e1b5c5f5f"
  
  rechoir@^0.6.2:
    version "0.6.2"
    resolved "https://registry.yarnpkg.com/rechoir/-/rechoir-0.6.2.tgz#85204b54dba82d5742e28c96756ef43af50e3384"
    dependencies:
      resolve "^1.1.6"
  
  resolve@^1.1.6:
    version "1.1.7"
    resolved "https://registry.yarnpkg.com/resolve/-/resolve-1.1.7.tgz#203114d82ad2c5ed9e8e0411b3932875e889e97b"
  
  shelljs:
    version "0.7.4"
    resolved "https://registry.yarnpkg.com/shelljs/-/shelljs-0.7.4.tgz#b8f04b3a74ddfafea22acf98e0be45ded53d59c8"
    dependencies:
      glob "^7.0.0"
      interpret "^1.0.0"
      rechoir "^0.6.2"
  
  wrappy@1:
    version "1.0.2"
    resolved "https://registry.yarnpkg.com/wrappy/-/wrappy-1.0.2.tgz#b5243d8f3ec1aa35f1364605bc0d1036e30ab69f"
